
                            < M A T L A B (R) >
                  Copyright 1984-2015 The MathWorks, Inc.
                   R2015a (8.5.0.197613) 64-bit (glnxa64)
                             February 12, 2015

 
To get started, type one of these: helpwin, helpdesk, or demo.
For product information, visit www.mathworks.com.
 
>> >> >> >> >> >> >> >> >> >> >> >> >> >> >> >> >> >> >> >> >> >> >> >> >> >> >> >> >> >> >> >> >> >> >> >> >> >> >> >> >> >> >> >> >> >> >> >> >> >> >> >> >> >> >> >> >> >> >> >> 
params = 

                     dt: 1.0000e-03
    molecular_viscosity: 1.0000e-06
         eddy_viscosity: 0
                 nsteps: 90000
                  nsave: 1000
                rho_sed: 2650
               rho_knot: 1000
             dpdxSteady: 0.9766
               wallUnit: 1.0000e-04
           numWallUnits: 1.2000
               maxRatio: 8.2000
                     ni: 768
                     nj: 128
                     nk: 320
                     px: 48
                     py: 1
                     pz: 10

>> >> >> >> >> >> >> >> >> >> >> >> >> >> >> >> >> >> >> >> >> >> >> >> >> >> >> >> >> >> >> >> >> >> >> >> >> >> 
u_star =

    0.0100

>> >> >> >> >> 
max_u_log =

    0.2231

>> >> >> >> >> >> >> >> >> >> >> >> >> >> >> >> 