
                            < M A T L A B (R) >
                  Copyright 1984-2017 The MathWorks, Inc.
                   R2017a (9.2.0.556344) 64-bit (glnxa64)
                               March 27, 2017

 
To get started, type one of these: helpwin, helpdesk, or demo.
For product information, visit www.mathworks.com.
 
Starting parallel pool (parpool) using the 'local' profile ...
[Warning: The system time zone setting, 'US/Eastern', does not specify a single
time zone unambiguously. It will be treated as 'America/New_York'. See the <a
href="matlab:doc('datetime.TimeZone')">datetime.TimeZone property</a> for
details about specifying time zones.] 
[> In verifyTimeZone (line 23)
  In datetime (line 515)
  In parallel.internal.cluster.DefaultProperties.getNewJobPropStruct (line 16)
  In parallel.internal.cluster.CJSSupport/buildJob (line 158)
  In parallel.cluster.CJSCluster/buildCommunicatingJob (line 465)
  In parallel.Cluster/createCommunicatingJob (line 92)
  In parallel.internal.pool.InteractiveClient>iCreateCommunicatingJob (line 715)
  In parallel.internal.pool.InteractiveClient/start (line 325)
  In parallel.Pool>iStartClient (line 593)
  In parallel.Pool.hBuildPool (line 472)
  In parallel.internal.pool.doParpool (line 18)
  In parpool (line 89)
  In QuadrantAnalysis2 (line 5)
  In run (line 86)] 
connected to 15 workers.

poolobj = 

 Pool with properties: 

            Connected: true
           NumWorkers: 15
              Cluster: local
        AttachedFiles: {}
          IdleTimeout: 30 minutes (30 minutes remaining)
          SpmdEnabled: true

Lab  1: 
  
  istep =
  
       1
  
Lab  2: 
  
  istep =
  
       1
  
Lab  3: 
  
  istep =
  
       1
  
Lab  4: 
  
  istep =
  
       1
  
Lab  6: 
  
  istep =
  
       1
  
Lab  7: 
  
  istep =
  
       1
  
Lab  8: 
  
  istep =
  
       1
  
Lab 10: 
  
  istep =
  
       1
  
Lab 11: 
  
  istep =
  
       1
  
Lab 12: 
  
  istep =
  
       1
  
Lab 13: 
  
  istep =
  
       1
  
Lab 14: 
  
  istep =
  
       1
  
Lab  5: 
  
  istep =
  
       1
  
Lab  9: 
  
  istep =
  
       1
  
Lab 15: 
  
  istep =
  
       1
  
Lab 13: 
  
  istep =
  
       2
  
Lab  4: 
  
  istep =
  
       2
  
Lab 15: 
  
  istep =
  
       2
  
Lab  8: 
  
  istep =
  
       2
  
Lab  6: 
  
  istep =
  
       2
  
Lab  7: 
  
  istep =
  
       2
  
Lab 10: 
  
  istep =
  
       2
  
Lab  3: 
  
  istep =
  
       2
  
Lab  9: 
  
  istep =
  
       2
  
Lab 14: 
  
  istep =
  
       2
  
Lab  2: 
  
  istep =
  
       2
  
Lab  5: 
  
  istep =
  
       2
  
Lab  1: 
  
  istep =
  
       2
  
Lab 12: 
  
  istep =
  
       2
  
Lab 11: 
  
  istep =
  
       2
  
Lab  4: 
  
  istep =
  
       3
  
Lab  8: 
  
  istep =
  
       3
  
Lab  9: 
  
  istep =
  
       3
  
Lab  7: 
  
  istep =
  
       3
  
Lab 14: 
  
  istep =
  
       3
  
Lab  1: 
  
  istep =
  
       3
  
Lab 10: 
  
  istep =
  
       3
  
Lab  5: 
  
  istep =
  
       3
  
Lab  3: 
  
  istep =
  
       3
  
Lab  6: 
  
  istep =
  
       3
  
Lab  2: 
  
  istep =
  
       3
  
Lab 12: 
  
  istep =
  
       3
  
Lab 15: 
  
  istep =
  
       3
  
Lab 13: 
  
  istep =
  
       3
  
Lab 11: 
  
  istep =
  
       3
  
Lab  8: 
  
  istep =
  
       4
  
Lab 14: 
  
  istep =
  
       4
  
Lab  9: 
  
  istep =
  
       4
  
Lab  7: 
  
  istep =
  
       4
  
Lab  4: 
  
  istep =
  
       4
  
Lab  1: 
  
  istep =
  
       4
  
Lab 10: 
  
  istep =
  
       4
  
Lab  5: 
  
  istep =
  
       4
  
Lab  3: 
  
  istep =
  
       4
  
Lab  6: 
  
  istep =
  
       4
  
Lab  2: 
  
  istep =
  
       4
  
Lab 12: 
  
  istep =
  
       4
  
Lab 15: 
  
  istep =
  
       4
  
Lab 13: 
  
  istep =
  
       4
  
Lab 11: 
  
  istep =
  
       4
  
Lab  8: 
  
  istep =
  
       5
  
Lab 14: 
  
  istep =
  
       5
  
Lab  9: 
  
  istep =
  
       5
  
Lab  7: 
  
  istep =
  
       5
  
Lab  4: 
  
  istep =
  
       5
  
Lab  1: 
  
  istep =
  
       5
  
Lab 10: 
  
  istep =
  
       5
  
Lab  5: 
  
  istep =
  
       5
  
Lab  3: 
  
  istep =
  
       5
  
Lab  6: 
  
  istep =
  
       5
  
Lab  2: 
  
  istep =
  
       5
  
Lab 12: 
  
  istep =
  
       5
  
Lab 15: 
  
  istep =
  
       5
  
Lab 13: 
  
  istep =
  
       5
  
Lab 11: 
  
  istep =
  
       5
  
Lab  8: 
  
  istep =
  
       6
  
Lab  9: 
  
  istep =
  
       6
  
Lab  7: 
  
  istep =
  
       6
  
Lab 14: 
  
  istep =
  
       6
  
Lab  4: 
  
  istep =
  
       6
  
Lab  1: 
  
  istep =
  
       6
  
Lab 10: 
  
  istep =
  
       6
  
Lab  5: 
  
  istep =
  
       6
  
Lab  3: 
  
  istep =
  
       6
  
Lab  6: 
  
  istep =
  
       6
  
Lab  2: 
  
  istep =
  
       6
  
Lab 12: 
  
  istep =
  
       6
  
Lab 15: 
  
  istep =
  
       6
  
Lab 13: 
  
  istep =
  
       6
  
Lab 11: 
  
  istep =
  
       6
  
Lab  8: 
  
  istep =
  
       7
  
Lab  9: 
  
  istep =
  
       7
  
Lab 14: 
  
  istep =
  
       7
  
Lab  7: 
  
  istep =
  
       7
  
Lab  4: 
  
  istep =
  
       7
  
Lab  1: 
  
  istep =
  
       7
  
Lab 10: 
  
  istep =
  
       7
  
Lab  5: 
  
  istep =
  
       7
  
Lab  3: 
  
  istep =
  
       7
  
Lab  6: 
  
  istep =
  
       7
  
Lab  2: 
  
  istep =
  
       7
  
Lab 12: 
  
  istep =
  
       7
  
Lab 15: 
  
  istep =
  
       7
  
Lab 11: 
  
  istep =
  
       7
  
Lab 13: 
  
  istep =
  
       7
  
Lab  8: 
  
  istep =
  
       8
  
Lab  9: 
  
  istep =
  
       8
  
Lab 14: 
  
  istep =
  
       8
  
Lab  7: 
  
  istep =
  
       8
  
Lab  4: 
  
  istep =
  
       8
  
Lab 10: 
  
  istep =
  
       8
  
Lab  1: 
  
  istep =
  
       8
  
Lab  5: 
  
  istep =
  
       8
  
Lab  3: 
  
  istep =
  
       8
  
Lab  6: 
  
  istep =
  
       8
  
Lab 15: 
  
  istep =
  
       8
  
Lab 12: 
  
  istep =
  
       8
  
Lab  2: 
  
  istep =
  
       8
  
Lab 11: 
  
  istep =
  
       8
  
Lab 13: 
  
  istep =
  
       8
  
Lab  9: 
  
  istep =
  
       9
  
Lab  8: 
  
  istep =
  
       9
  
Lab 14: 
  
  istep =
  
       9
  
Lab  7: 
  
  istep =
  
       9
  
Lab  4: 
  
  istep =
  
       9
  
Lab 10: 
  
  istep =
  
       9
  
Lab  5: 
  
  istep =
  
       9
  
Lab  1: 
  
  istep =
  
       9
  
Lab  3: 
  
  istep =
  
       9
  
Lab  6: 
  
  istep =
  
       9
  
Lab 15: 
  
  istep =
  
       9
  
Lab 12: 
  
  istep =
  
       9
  
Lab  2: 
  
  istep =
  
       9
  
Lab 11: 
  
  istep =
  
       9
  
Lab 13: 
  
  istep =
  
       9
  
